[00:03:32] [ServerMain/INFO]: Environment: authHost='https://authserver.mojang.com', accountsHost='https://api.mojang.com', sessionHost='https://sessionserver.mojang.com', servicesHost='https://api.minecraftservices.com', name='PROD'
[00:03:33] [ServerMain/INFO]: Loaded 7 recipes
[00:03:34] [Server thread/INFO]: Starting minecraft server version 1.19.4
[00:03:34] [Server thread/INFO]: Loading properties
[00:03:34] [Server thread/INFO]: This server is running Paper version git-Paper-550 (MC: 1.19.4) (Implementing API version 1.19.4-R0.1-SNAPSHOT) (Git: 483368e on ver/1.19.4)
[00:03:34] [Server thread/INFO]: Server Ping Player Sample Count: 12
[00:03:34] [Server thread/INFO]: Using 4 threads for Netty based IO
[00:03:34] [Server thread/WARN]: [!] The timings profiler has been enabled but has been scheduled for removal from Paper in the future.
    We recommend installing the spark profiler as a replacement: https://spark.lucko.me/
    For more information please visit: https://github.com/PaperMC/Paper/issues/8948
[00:03:34] [Server thread/INFO]: [ChunkTaskScheduler] Chunk system is using 1 I/O threads, 1 worker threads, and gen parallelism of 1 threads
[00:03:35] [Server thread/INFO]: Default game type: SURVIVAL
[00:03:35] [Server thread/INFO]: Generating keypair
[00:03:35] [Server thread/INFO]: Starting Minecraft server on *:25565
[00:03:35] [Server thread/INFO]: Using epoll channel type
[00:03:35] [Server thread/INFO]: Paper: Using libdeflate (Linux x86_64) compression from Velocity.
[00:03:35] [Server thread/INFO]: Paper: Using OpenSSL 1.1.x (Linux x86_64) cipher from Velocity.
[00:03:36] [Server thread/INFO]: [Essentials] Loading server plugin Essentials v2.21.1
[00:03:36] [Server thread/INFO]: [SmoothTimber] Loading server plugin SmoothTimber v1.27.5
[00:03:36] [Server thread/INFO]: [GSit] Loading server plugin GSit v2.3.3
[00:03:36] [Server thread/INFO]: [InfernalMobs] Loading server plugin InfernalMobs v6.7
[00:03:36] [Server thread/INFO]: Server permissions file permissions.yml is empty, ignoring it
[00:03:36] [Server thread/INFO]: Preparing level "world"
[00:03:36] [Server thread/INFO]: Preparing start region for dimension minecraft:overworld
[00:03:36] [Server thread/INFO]: Time elapsed: 166 ms
[00:03:36] [Server thread/INFO]: Preparing start region for dimension minecraft:the_nether
[00:03:36] [Server thread/INFO]: Time elapsed: 61 ms
[00:03:36] [Server thread/INFO]: Preparing start region for dimension minecraft:the_end
[00:03:36] [Server thread/INFO]: Time elapsed: 94 ms
[00:03:37] [Server thread/INFO]: [Essentials] Enabling Essentials v2.21.1
[00:03:37] [Server thread/INFO]: [Essentials] Attempting to convert old kits in config.yml to new kits.yml
[00:03:37] [Server thread/INFO]: [Essentials] No kits found to migrate.
[00:03:38] [Server thread/INFO]: [Essentials] Selected Paper Server State Provider as the provider for ServerStateProvider
[00:03:38] [Server thread/INFO]: [Essentials] Selected 1.14+ Sign Data Provider as the provider for SignDataProvider
[00:03:38] [Server thread/INFO]: [Essentials] Selected Reflection Sync Commands Provider as the provider for SyncCommandsProvider
[00:03:38] [Server thread/INFO]: [Essentials] Selected Reflection Formatted Command Alias Provider as the provider for FormattedCommandAliasProvider
[00:03:38] [Server thread/INFO]: [Essentials] Selected Paper Material Tag Provider as the provider for MaterialTagProvider
[00:03:38] [Server thread/INFO]: [Essentials] Selected 1.13+ Spawn Egg Provider as the provider for SpawnEggProvider
[00:03:38] [Server thread/INFO]: [Essentials] Selected 1.12.2+ Player Locale Provider as the provider for PlayerLocaleProvider
[00:03:38] [Server thread/INFO]: [Essentials] Selected 1.11+ Item Unbreakable Provider as the provider for ItemUnbreakableProvider
[00:03:38] [Server thread/INFO]: [Essentials] Selected Reflection Online Mode Provider as the provider for OnlineModeProvider
[00:03:38] [Server thread/INFO]: [Essentials] Selected Paper Known Commands Provider as the provider for KnownCommandsProvider
[00:03:38] [Server thread/INFO]: [Essentials] Selected 1.20.5+ Banner Data Provider as the provider for BannerDataProvider
[00:03:38] [Server thread/INFO]: [Essentials] Selected 1.12+ Spawner Block Provider as the provider for SpawnerBlockProvider
[00:03:38] [Server thread/INFO]: [Essentials] Selected Paper Biome Key Provider as the provider for BiomeKeyProvider
[00:03:38] [Server thread/INFO]: [Essentials] Selected Paper Container Provider as the provider for ContainerProvider
[00:03:38] [Server thread/INFO]: [Essentials] Selected Paper Serialization Provider as the provider for SerializationProvider
[00:03:38] [Server thread/INFO]: [Essentials] Selected 1.14.4+ Persistent Data Container Provider as the provider for PersistentDataProvider
[00:03:38] [Server thread/INFO]: [Essentials] Selected Legacy InventoryView Abstract Class ABI Provider as the provider for InventoryViewProvider
[00:03:38] [Server thread/INFO]: [Essentials] Selected 1.8.3+ Spawner Item Provider as the provider for SpawnerItemProvider
[00:03:38] [Server thread/INFO]: [Essentials] Selected Paper Tick Count Provider as the provider for TickCountProvider
[00:03:38] [Server thread/INFO]: [Essentials] Selected Legacy Damage Event Provider as the provider for DamageEventProvider
[00:03:38] [Server thread/INFO]: [Essentials] Selected 1.17.1+ World Info Provider as the provider for WorldInfoProvider
[00:03:38] [Server thread/INFO]: [Essentials] Selected 1.9-1.20.4 Potion Meta Provider as the provider for PotionMetaProvider
[00:03:38] [Server thread/INFO]: [Essentials] Loaded 43517 items from items.json.
[00:03:38] [Server thread/INFO]: [Essentials] Using locale en
[00:03:38] [Server thread/INFO]: [Essentials] ServerListPingEvent: Spigot iterator API
[00:03:39] [Server thread/INFO]: [Essentials] Starting Metrics. Opt-out using the global bStats config.
[00:03:39] [Server thread/INFO]: [Essentials] Using superperms-based permissions.
[00:03:39] [Server thread/INFO]: [SmoothTimber] Enabling SmoothTimber v1.27.5
[00:03:39] [Server thread/INFO]: SmoothTimber || You're currently using the supported Minecraft Version 1.19.4 (Core v1_19x)
[00:03:39] [Server thread/INFO]: [GSit] Enabling GSit v2.3.3
[00:03:40] [Server thread/INFO]: [GSit] The plugin was successfully enabled.
[00:03:40] [Server thread/INFO]: [InfernalMobs] Enabling InfernalMobs v6.7
[00:03:40] [Server thread/INFO]: [InfernalMobs] Registered Events.
[00:03:40] [Server thread/INFO]: Running delayed init tasks
[00:03:40] [Craft Scheduler Thread - 3 - Essentials/INFO]: [Essentials] Fetching version information...
[00:03:40] [Server thread/INFO]: Done (5.811s)! For help, type "help"
[00:03:40] [Server thread/INFO]: Timings Reset
[00:05:02] [User Authenticator #0/INFO]: UUID of player zknw is 478719de-a245-4ec1-8e44-a705c02a868d
[00:05:03] [Server thread/INFO]: zknw joined the game
[00:05:03] [Server thread/INFO]: zknw[/127.18.75.243:53055] logged in with entity id 78 at ([world]-410.4938537462515, 32.0, -449.2935362387116)
[00:06:19] [Server thread/INFO]: zknw lost connection: Disconnected
[00:06:19] [Server thread/INFO]: zknw left the game
[00:07:10] [User Authenticator #1/INFO]: UUID of player zknw is 478719de-a245-4ec1-8e44-a705c02a868d
[00:07:10] [Server thread/INFO]: zknw joined the game
[00:07:10] [Server thread/INFO]: zknw[/127.18.75.243:47413] logged in with entity id 415 at ([world]-437.2620292487345, 32.0, -487.49260862604734)
[00:07:19] [User Authenticator #1/INFO]: UUID of player _elu is d24d9358-fd98-4d71-bf0a-4950e169124e
[00:07:19] [Server thread/INFO]: _elu joined the game
[00:07:19] [Server thread/INFO]: _elu[/127.135.227.91:34675] logged in with entity id 640 at ([world]-88.5, 64.0, 71.5)
[00:07:21] [Async Chat Thread - #2/INFO]: <zknw> que gay
[00:07:41] [Server thread/INFO]: zknw issued server command: /tpa
[00:07:41] [Server thread/INFO]: [Essentials] zknw was denied access to command.
[00:09:16] [Async Chat Thread - #3/INFO]: <_elu> -130 82 113
[00:09:34] [Server thread/INFO]: zknw issued server command: /tps
[00:09:46] [Server thread/WARN]: _elu moved too quickly! -2.3396767637365485,-0.2468000194787976,-9.87947043768628
[00:10:24] [Async Chat Thread - #6/INFO]: <_elu> asdd
[00:10:27] [Server thread/INFO]: [Essentials] CONSOLE issued server command: /tp zknw ulvm
[00:10:27] [Server thread/INFO]: Error: Player not found.
[00:10:39] [Server thread/INFO]: [Essentials] CONSOLE issued server command: /tp zknw _elu
[00:10:52] [Async Chat Thread - #6/INFO]: <zknw> asdasd
[00:11:22] [Server thread/INFO]: _elu has made the advancement [Acquire Hardware]
[00:11:52] [Server thread/INFO]: _elu has made the advancement [Sweet Dreams]
[00:12:34] [Server thread/INFO]: _elu has made the advancement [Stone Age]
[00:13:08] [User Authenticator #2/INFO]: UUID of player _elu is d24d9358-fd98-4d71-bf0a-4950e169124e
[00:13:08] [Server thread/INFO]: _elu lost connection: You logged in from another location
[00:13:08] [Server thread/INFO]: _elu left the game
[00:13:08] [Server thread/INFO]: _elu joined the game
[00:13:08] [Server thread/INFO]: _elu[/127.135.227.91:38259] logged in with entity id 2036 at ([world]-181.90328349797753, 90.0, 200.40920028726907)
[00:13:35] [Async Chat Thread - #7/INFO]: <_elu> aa
[00:17:18] [Server thread/INFO]: _elu has made the advancement [Getting an Upgrade]
[00:17:52] [Server thread/INFO]: zknw has made the advancement [Not Today, Thank You]
[00:18:47] [Server thread/INFO]: zknw issued server command: /AFK
[00:18:51] [Server thread/INFO]: zknw lost connection: Disconnected
[00:18:51] [Server thread/INFO]: zknw left the game
[00:19:24] [Async Chat Thread - #9/INFO]: <_elu> asd
